\BOOKMARK [1][-]{section.1}{Introduzione}{}% 1
\BOOKMARK [2][-]{subsection.1.1}{Scopo del documento}{section.1}% 2
\BOOKMARK [2][-]{subsection.1.2}{Scopo del Prodotto}{section.1}% 3
\BOOKMARK [2][-]{subsection.1.3}{Riferimenti}{section.1}% 4
\BOOKMARK [3][-]{subsubsection.1.3.1}{Normativi}{subsection.1.3}% 5
\BOOKMARK [3][-]{subsubsection.1.3.2}{Informativi}{subsection.1.3}% 6
\BOOKMARK [1][-]{section.2}{Descrizione generale}{}% 7
\BOOKMARK [2][-]{subsection.2.1}{Obiettivi del prodotto}{section.2}% 8
\BOOKMARK [2][-]{subsection.2.2}{Funzioni del prodotto}{section.2}% 9
\BOOKMARK [2][-]{subsection.2.3}{Caratteristiche degli utenti}{section.2}% 10
\BOOKMARK [2][-]{subsection.2.4}{Architettura del progetto}{section.2}% 11
\BOOKMARK [2][-]{subsection.2.5}{Vincoli generali}{section.2}% 12
\BOOKMARK [1][-]{section.3}{Casi d'uso}{}% 13
\BOOKMARK [2][-]{subsection.3.1}{Introduzione}{section.3}% 14
\BOOKMARK [2][-]{subsection.3.2}{Attori dei casi d'uso}{section.3}% 15
\BOOKMARK [3][-]{subsubsection.3.2.1}{Attori}{subsection.3.2}% 16
\BOOKMARK [2][-]{subsection.3.3}{UC1 - Inserimento dei dati }{section.3}% 17
\BOOKMARK [3][-]{subsubsection.3.3.1}{UC1.1 - Scelta del caricamento dei dati}{subsection.3.3}% 18
\BOOKMARK [3][-]{subsubsection.3.3.2}{UC1.2 - Caricamento tramite file csv}{subsection.3.3}% 19
\BOOKMARK [3][-]{subsubsection.3.3.3}{UC1.3 - Caricamento tramite query ad un database}{subsection.3.3}% 20
\BOOKMARK [2][-]{subsection.3.4}{UC2 - Scelta della visualizzazione}{section.3}% 21
\BOOKMARK [3][-]{subsubsection.3.4.1}{UC2.1 - Scatter Plot Matrix}{subsection.3.4}% 22
\BOOKMARK [3][-]{subsubsection.3.4.2}{UC2.2 - Heatmap}{subsection.3.4}% 23
\BOOKMARK [3][-]{subsubsection.3.4.3}{UC2.3 - Correlation Heatmap}{subsection.3.4}% 24
\BOOKMARK [3][-]{subsubsection.3.4.4}{UC2.4 - Force Field}{subsection.3.4}% 25
\BOOKMARK [3][-]{subsubsection.3.4.5}{UC2.5 - Linear Projection}{subsection.3.4}% 26
\BOOKMARK [3][-]{subsubsection.3.4.6}{UC2.6 - Parallel Coordinates}{subsection.3.4}% 27
\BOOKMARK [2][-]{subsection.3.5}{UC3 - Scelta delle Labels}{section.3}% 28
\BOOKMARK [3][-]{subsubsection.3.5.1}{UC3.1 - Assegnazione delle classi di visualizzazione alle Labels}{subsection.3.5}% 29
\BOOKMARK [2][-]{subsection.3.6}{UC4 - Selezione manuale delle Features}{section.3}% 30
\BOOKMARK [3][-]{subsubsection.3.6.1}{UC4.1 - Selezione manuale delle Features per Scatter Plot Matrix}{subsection.3.6}% 31
\BOOKMARK [2][-]{subsection.3.7}{UC5 - Impostazioni per Heatmap}{section.3}% 32
\BOOKMARK [3][-]{subsubsection.3.7.1}{UC5.1 - Modificare il Range}{subsection.3.7}% 33
\BOOKMARK [3][-]{subsubsection.3.7.2}{UC5.2 - Normalizzazione del dataset}{subsection.3.7}% 34
\BOOKMARK [3][-]{subsubsection.3.7.3}{UC5.3 - Ordinamento delle righe di una Heatmap}{subsection.3.7}% 35
\BOOKMARK [3][-]{subsubsection.3.7.4}{UC5.4 - Assegnare Colore al Range}{subsection.3.7}% 36
\BOOKMARK [2][-]{subsection.3.8}{UC6 - Calcolo Matrice di Distanza}{section.3}% 37
\BOOKMARK [3][-]{subsubsection.3.8.1}{UC6.1 - Selezione distanza}{subsection.3.8}% 38
\BOOKMARK [2][-]{subsection.3.9}{UC7 - Selezione algoritmo di riduzione delle componenti}{section.3}% 39
\BOOKMARK [3][-]{subsubsection.3.9.1}{UC7.1 - PCA}{subsection.3.9}% 40
\BOOKMARK [3][-]{subsubsection.3.9.2}{UC7.2 - UMAP}{subsection.3.9}% 41
\BOOKMARK [3][-]{subsubsection.3.9.3}{UC7.3 - t-SNE}{subsection.3.9}% 42
\BOOKMARK [2][-]{subsection.3.10}{UC8 - Elaborazione dati}{section.3}% 43
\BOOKMARK [3][-]{subsubsection.3.10.1}{UC8.1 - Avvio elaborazione dati con impostazioni di default}{subsection.3.10}% 44
\BOOKMARK [3][-]{subsubsection.3.10.2}{UC8.2 - Avvio elaborazione dati con impostazioni utente}{subsection.3.10}% 45
\BOOKMARK [2][-]{subsection.3.11}{UC9 - Visualizzazione dati}{section.3}% 46
\BOOKMARK [3][-]{subsubsection.3.11.1}{UC9.1 - Creazione visualizzazione}{subsection.3.11}% 47
\BOOKMARK [3][-]{subsubsection.3.11.2}{UC9.2 - Salvataggio visualizzazione}{subsection.3.11}% 48
\BOOKMARK [2][-]{subsection.3.12}{UC10 - Visualizzazione errore in lettura dati}{section.3}% 49
\BOOKMARK [1][-]{section.4}{Requisiti}{}% 50
\BOOKMARK [2][-]{subsection.4.1}{Introduzione}{section.4}% 51
\BOOKMARK [2][-]{subsection.4.2}{Requisiti funzionali}{section.4}% 52
\BOOKMARK [2][-]{subsection.4.3}{Requisiti di qualit\340}{section.4}% 53
\BOOKMARK [2][-]{subsection.4.4}{Requisiti di vincolo}{section.4}% 54
\BOOKMARK [2][-]{subsection.4.5}{Requisiti prestazionali}{section.4}% 55
\BOOKMARK [2][-]{subsection.4.6}{Tracciamento}{section.4}% 56
\BOOKMARK [3][-]{subsubsection.4.6.1}{Fonte - Requisiti}{subsection.4.6}% 57
\BOOKMARK [3][-]{subsubsection.4.6.2}{Riepilogo requisiti}{subsection.4.6}% 58
