This is pdfTeX, Version 3.14159265-2.6-1.40.21 (MiKTeX 20.12) (preloaded format=pdflatex 2020.12.25)  9 JAN 2021 10:55
entering extended mode
**"c:/Users/Matteo/Documents/HD VIZ/documentazione/analisi-dei-requisiti/main.tex"
("c:/Users/Matteo/Documents/HD VIZ/documentazione/analisi-dei-requisiti/main.tex"
LaTeX2e <2020-10-01> patch level 2
L3 programming layer <2020-12-07> xparse <2020-03-03> (C:\Users\Matteo\AppData\Local\Programs\MiKTeX\tex/latex/base\article.cls
Document Class: article 2020/04/10 v1.4m Standard LaTeX document class
(C:\Users\Matteo\AppData\Local\Programs\MiKTeX\tex/latex/base\size10.clo
File: size10.clo 2020/04/10 v1.4m Standard LaTeX file (size option)
)
\c@part=\count177
\c@section=\count178
\c@subsection=\count179
\c@subsubsection=\count180
\c@paragraph=\count181
\c@subparagraph=\count182
\c@figure=\count183
\c@table=\count184
\abovecaptionskip=\skip47
\belowcaptionskip=\skip48
\bibindent=\dimen138
) (../_config/package.tex (C:\Users\Matteo\AppData\Local\Programs\MiKTeX\tex/generic/babel\babel.sty
Package: babel 2020/12/16 3.52 The Babel package
 (C:\Users\Matteo\AppData\Local\Programs\MiKTeX\tex/generic/babel\babel.def
File: babel.def 2020/12/16 3.52 Babel common definitions
\babel@savecnt=\count185
\U@D=\dimen139
\l@babelnohyphens=\language79
 (C:\Users\Matteo\AppData\Local\Programs\MiKTeX\tex/generic/babel\txtbabel.def)
\bbl@readstream=\read2
)
\bbl@dirlevel=\count186

*************************************
* Local config file bblopts.cfg used
*
(C:\Users\Matteo\AppData\Local\Programs\MiKTeX\tex/latex/arabi\bblopts.cfg
File: bblopts.cfg 2005/09/08 v0.1 add Arabic and Farsi to "declared" options of babel
) (C:\Users\Matteo\AppData\Local\Programs\MiKTeX\tex/latex/babel-italian\italian.ldf
Language: italian 2020/05/21 v.1.4.04 Italian support for the babel system
\it@lettering=\count187
\it@doublequoteactive=\count188
\it@ISOcompliance=\count189
)) (C:\Users\Matteo\AppData\Local\Programs\MiKTeX\tex/latex/etoolbox\etoolbox.sty
Package: etoolbox 2020/10/05 v2.5k e-TeX tools for LaTeX (JAW)
\etb@tempcnta=\count190
) (C:\Users\Matteo\AppData\Local\Programs\MiKTeX\tex/latex/base\inputenc.sty
Package: inputenc 2020/08/01 v1.3d Input encoding file
\inpenc@prehook=\toks15
\inpenc@posthook=\toks16
) (C:\Users\Matteo\AppData\Local\Programs\MiKTeX\tex/latex/base\fontenc.sty
Package: fontenc 2020/08/10 v2.0s Standard LaTeX package
) (C:\Users\Matteo\AppData\Local\Programs\MiKTeX\tex/latex/enumitem\enumitem.sty
Package: enumitem 2019/06/20 v3.9 Customized lists
\enitkv@toks@=\toks17
\labelindent=\skip49
\enit@outerparindent=\dimen140
\enit@toks=\toks18
\enit@inbox=\box47
\enit@count@id=\count191
\enitdp@description=\count192
) (C:\Users\Matteo\AppData\Local\Programs\MiKTeX\tex/latex/graphics\graphicx.sty
Package: graphicx 2020/09/09 v1.2b Enhanced LaTeX Graphics (DPC,SPQR)
 (C:\Users\Matteo\AppData\Local\Programs\MiKTeX\tex/latex/graphics\keyval.sty
Package: keyval 2014/10/28 v1.15 key=value parser (DPC)
\KV@toks@=\toks19
) (C:\Users\Matteo\AppData\Local\Programs\MiKTeX\tex/latex/graphics\graphics.sty
Package: graphics 2020/08/30 v1.4c Standard LaTeX Graphics (DPC,SPQR)
 (C:\Users\Matteo\AppData\Local\Programs\MiKTeX\tex/latex/graphics\trig.sty
Package: trig 2016/01/03 v1.10 sin cos tan (DPC)
) (C:\Users\Matteo\AppData\Local\Programs\MiKTeX\tex/latex/graphics-cfg\graphics.cfg
File: graphics.cfg 2016/06/04 v1.11 sample graphics configuration
)
Package graphics Info: Driver file: pdftex.def on input line 105.
 (C:\Users\Matteo\AppData\Local\Programs\MiKTeX\tex/latex/graphics-def\pdftex.def
File: pdftex.def 2020/10/05 v1.2a Graphics/color driver for pdftex
))
\Gin@req@height=\dimen141
\Gin@req@width=\dimen142
) (C:\Users\Matteo\AppData\Local\Programs\MiKTeX\tex/latex/float\float.sty
Package: float 2001/11/08 v1.3d Float enhancements (AL)
\c@float@type=\count193
\float@exts=\toks20
\float@box=\box48
\@float@everytoks=\toks21
\@floatcapt=\box49
) (C:\Users\Matteo\AppData\Local\Programs\MiKTeX\tex/latex/tools\longtable.sty
Package: longtable 2020/01/07 v4.13 Multi-page Table package (DPC)
\LTleft=\skip50
\LTright=\skip51
\LTpre=\skip52
\LTpost=\skip53
\LTchunksize=\count194
\LTcapwidth=\dimen143
\LT@head=\box50
\LT@firsthead=\box51
\LT@foot=\box52
\LT@lastfoot=\box53
\LT@cols=\count195
\LT@rows=\count196
\c@LT@tables=\count197
\c@LT@chunks=\count198
\LT@p@ftn=\toks22
) (C:\Users\Matteo\AppData\Local\Programs\MiKTeX\tex/latex/xcolor\xcolor.sty
Package: xcolor 2016/05/11 v2.12 LaTeX color extensions (UK)
 (C:\Users\Matteo\AppData\Local\Programs\MiKTeX\tex/latex/graphics-cfg\color.cfg
File: color.cfg 2016/01/02 v1.6 sample color configuration
)
Package xcolor Info: Driver file: pdftex.def on input line 225.
 (C:\Users\Matteo\AppData\Local\Programs\MiKTeX\tex/latex/colortbl\colortbl.sty
Package: colortbl 2020/01/04 v1.0e Color table columns (DPC)
 (C:\Users\Matteo\AppData\Local\Programs\MiKTeX\tex/latex/tools\array.sty
Package: array 2019/08/31 v2.4l Tabular extension package (FMi)
\col@sep=\dimen144
\ar@mcellbox=\box54
\extrarowheight=\dimen145
\NC@list=\toks23
\extratabsurround=\skip54
\backup@length=\skip55
\ar@cellbox=\box55
)
\everycr=\toks24
\minrowclearance=\skip56
)
\rownum=\count199
Package xcolor Info: Model `cmy' substituted by `cmy0' on input line 1348.
Package xcolor Info: Model `hsb' substituted by `rgb' on input line 1352.
Package xcolor Info: Model `RGB' extended on input line 1364.
Package xcolor Info: Model `HTML' substituted by `rgb' on input line 1366.
Package xcolor Info: Model `Hsb' substituted by `hsb' on input line 1367.
Package xcolor Info: Model `tHsb' substituted by `hsb' on input line 1368.
Package xcolor Info: Model `HSB' substituted by `hsb' on input line 1369.
Package xcolor Info: Model `Gray' substituted by `gray' on input line 1370.
Package xcolor Info: Model `wave' substituted by `hsb' on input line 1371.
) (C:\Users\Matteo\AppData\Local\Programs\MiKTeX\tex/latex/geometry\geometry.sty
Package: geometry 2020/01/02 v5.9 Page Geometry
 (C:\Users\Matteo\AppData\Local\Programs\MiKTeX\tex/generic/iftex\ifvtex.sty
Package: ifvtex 2019/10/25 v1.7 ifvtex legacy package. Use iftex instead.
 (C:\Users\Matteo\AppData\Local\Programs\MiKTeX\tex/generic/iftex\iftex.sty
Package: iftex 2020/03/06 v1.0d TeX engine tests
))
\Gm@cnth=\count266
\Gm@cntv=\count267
\c@Gm@tempcnt=\count268
\Gm@bindingoffset=\dimen146
\Gm@wd@mp=\dimen147
\Gm@odd@mp=\dimen148
\Gm@even@mp=\dimen149
\Gm@layoutwidth=\dimen150
\Gm@layoutheight=\dimen151
\Gm@layouthoffset=\dimen152
\Gm@layoutvoffset=\dimen153
\Gm@dimlist=\toks25
 (C:\Users\Matteo\AppData\Local\Programs\MiKTeX\tex/latex/geometry\geometry.cfg)) (C:\Users\Matteo\AppData\Local\Programs\MiKTeX\tex/latex/lastpage\lastpage.sty
Package: lastpage 2015/03/29 v1.2m Refers to last page's name (HMM; JPG)
) (C:\Users\Matteo\AppData\Local\Programs\MiKTeX\tex/latex/footmisc\footmisc.sty
Package: footmisc 2011/06/06 v5.5b a miscellany of footnote facilities
\FN@temptoken=\toks26
\footnotemargin=\dimen154
\c@pp@next@reset=\count269
Package footmisc Info: Declaring symbol style bringhurst on input line 855.
Package footmisc Info: Declaring symbol style chicago on input line 863.
Package footmisc Info: Declaring symbol style wiley on input line 872.
Package footmisc Info: Declaring symbol style lamport-robust on input line 883.
Package footmisc Info: Declaring symbol style lamport* on input line 903.
Package footmisc Info: Declaring symbol style lamport*-robust on input line 924.
) (C:\Users\Matteo\AppData\Local\Programs\MiKTeX\tex/latex/fancyhdr\fancyhdr.sty
Package: fancyhdr 2019/01/31 v3.10 Extensive control of page headers and footers
\f@nch@headwidth=\skip57
\f@nch@O@elh=\skip58
\f@nch@O@erh=\skip59
\f@nch@O@olh=\skip60
\f@nch@O@orh=\skip61
\f@nch@O@elf=\skip62
\f@nch@O@erf=\skip63
\f@nch@O@olf=\skip64
\f@nch@O@orf=\skip65
) (C:\Users\Matteo\AppData\Local\Programs\MiKTeX\tex/latex/tabu\tabu.sty
Package: tabu 2019/01/11 v2.9 - flexible LaTeX tabulars (FC+tabu-fixed)
 (C:\Users\Matteo\AppData\Local\Programs\MiKTeX\tex/latex/varwidth\varwidth.sty
Package: varwidth 2009/03/30 ver 0.92;  Variable-width minipages
\@vwid@box=\box56
\sift@deathcycles=\count270
\@vwid@loff=\dimen155
\@vwid@roff=\dimen156
)
\c@taburow=\count271
\tabu@nbcols=\count272
\tabu@cnt=\count273
\tabu@Xcol=\count274
\tabu@alloc=\count275
\tabu@nested=\count276
\tabu@target=\dimen157
\tabu@spreadtarget=\dimen158
\tabu@naturalX=\dimen159
\tabucolX=\dimen160
\tabu@Xsum=\dimen161
\extrarowdepth=\dimen162
\abovetabulinesep=\dimen163
\belowtabulinesep=\dimen164
\tabustrutrule=\dimen165
\tabu@thebody=\toks27
\tabu@footnotes=\toks28
\tabu@box=\box57
\tabu@arstrutbox=\box58
\tabu@hleads=\box59
\tabu@vleads=\box60
\tabu@cellskip=\skip66
) (C:\Users\Matteo\AppData\Local\Programs\MiKTeX\tex/latex/pgf/utilities\pgffor.sty (C:\Users\Matteo\AppData\Local\Programs\MiKTeX\tex/latex/pgf/utilities\pgfrcs.sty (C:\Users\Matteo\AppData\Local\Programs\MiKTeX\tex/generic/pgf/utilities\pgfutil-common.tex
\pgfutil@everybye=\toks29
\pgfutil@tempdima=\dimen166
\pgfutil@tempdimb=\dimen167
 (C:\Users\Matteo\AppData\Local\Programs\MiKTeX\tex/generic/pgf/utilities\pgfutil-common-lists.tex)) (C:\Users\Matteo\AppData\Local\Programs\MiKTeX\tex/generic/pgf/utilities\pgfutil-latex.def
\pgfutil@abb=\box61
) (C:\Users\Matteo\AppData\Local\Programs\MiKTeX\tex/generic/pgf/utilities\pgfrcs.code.tex (C:\Users\Matteo\AppData\Local\Programs\MiKTeX\tex/generic/pgf\pgf.revision.tex)
Package: pgfrcs 2020/12/01 v3.1.7a (3.1.7a)
)) (C:\Users\Matteo\AppData\Local\Programs\MiKTeX\tex/latex/pgf/utilities\pgfkeys.sty (C:\Users\Matteo\AppData\Local\Programs\MiKTeX\tex/generic/pgf/utilities\pgfkeys.code.tex
\pgfkeys@pathtoks=\toks30
\pgfkeys@temptoks=\toks31
 (C:\Users\Matteo\AppData\Local\Programs\MiKTeX\tex/generic/pgf/utilities\pgfkeysfiltered.code.tex
\pgfkeys@tmptoks=\toks32
))) (C:\Users\Matteo\AppData\Local\Programs\MiKTeX\tex/latex/pgf/math\pgfmath.sty (C:\Users\Matteo\AppData\Local\Programs\MiKTeX\tex/generic/pgf/math\pgfmath.code.tex (C:\Users\Matteo\AppData\Local\Programs\MiKTeX\tex/generic/pgf/math\pgfmathcalc.code.tex (C:\Users\Matteo\AppData\Local\Programs\MiKTeX\tex/generic/pgf/math\pgfmathutil.code.tex
\pgf@x=\dimen168
\pgf@xa=\dimen169
\pgf@xb=\dimen170
\pgf@xc=\dimen171
\pgf@y=\dimen172
\pgf@ya=\dimen173
\pgf@yb=\dimen174
\pgf@yc=\dimen175
\c@pgf@counta=\count277
\c@pgf@countb=\count278
\c@pgf@countc=\count279
\c@pgf@countd=\count280
) (C:\Users\Matteo\AppData\Local\Programs\MiKTeX\tex/generic/pgf/math\pgfmathparser.code.tex
\pgfmath@dimen=\dimen176
\pgfmath@count=\count281
\pgfmath@box=\box62
\pgfmath@toks=\toks33
\pgfmath@stack@operand=\toks34
\pgfmath@stack@operation=\toks35
) (C:\Users\Matteo\AppData\Local\Programs\MiKTeX\tex/generic/pgf/math\pgfmathfunctions.code.tex (C:\Users\Matteo\AppData\Local\Programs\MiKTeX\tex/generic/pgf/math\pgfmathfunctions.basic.code.tex) (C:\Users\Matteo\AppData\Local\Programs\MiKTeX\tex/generic/pgf/math\pgfmathfunctions.trigonometric.code.tex) (C:\Users\Matteo\AppData\Local\Programs\MiKTeX\tex/generic/pgf/math\pgfmathfunctions.random.code.tex) (C:\Users\Matteo\AppData\Local\Programs\MiKTeX\tex/generic/pgf/math\pgfmathfunctions.comparison.code.tex) (C:\Users\Matteo\AppData\Local\Programs\MiKTeX\tex/generic/pgf/math\pgfmathfunctions.base.code.tex) (C:\Users\Matteo\AppData\Local\Programs\MiKTeX\tex/generic/pgf/math\pgfmathfunctions.round.code.tex) (C:\Users\Matteo\AppData\Local\Programs\MiKTeX\tex/generic/pgf/math\pgfmathfunctions.misc.code.tex) (C:\Users\Matteo\AppData\Local\Programs\MiKTeX\tex/generic/pgf/math\pgfmathfunctions.integerarithmetics.code.tex))) (C:\Users\Matteo\AppData\Local\Programs\MiKTeX\tex/generic/pgf/math\pgfmathfloat.code.tex
\c@pgfmathroundto@lastzeros=\count282
))) (C:\Users\Matteo\AppData\Local\Programs\MiKTeX\tex/generic/pgf/utilities\pgffor.code.tex
Package: pgffor 2020/12/01 v3.1.7a (3.1.7a)
 (C:\Users\Matteo\AppData\Local\Programs\MiKTeX\tex/generic/pgf/math\pgfmath.code.tex)
\pgffor@iter=\dimen177
\pgffor@skip=\dimen178
\pgffor@stack=\toks36
\pgffor@toks=\toks37
)) (C:\Users\Matteo\AppData\Local\Programs\MiKTeX\tex/latex/multirow\multirow.sty
Package: multirow 2019/05/31 v2.5 Span multiple rows of a table
\multirow@colwidth=\skip67
\multirow@cntb=\count283
\multirow@dima=\skip68
\bigstrutjot=\dimen179
) (C:\Users\Matteo\AppData\Local\Programs\MiKTeX\tex/latex/eurosym\eurosym.sty
Package: eurosym 1998/08/06 v1.1 European currency symbol ``Euro''
\@eurobox=\box63
) (C:\Users\Matteo\AppData\Local\Programs\MiKTeX\tex/latex/hyperref\hyperref.sty
Package: hyperref 2020-05-15 v7.00e Hypertext links for LaTeX
 (C:\Users\Matteo\AppData\Local\Programs\MiKTeX\tex/generic/ltxcmds\ltxcmds.sty
Package: ltxcmds 2020-05-10 v1.25 LaTeX kernel commands for general use (HO)
) (C:\Users\Matteo\AppData\Local\Programs\MiKTeX\tex/generic/pdftexcmds\pdftexcmds.sty
Package: pdftexcmds 2020-06-27 v0.33 Utility functions of pdfTeX for LuaTeX (HO)
 (C:\Users\Matteo\AppData\Local\Programs\MiKTeX\tex/generic/infwarerr\infwarerr.sty
Package: infwarerr 2019/12/03 v1.5 Providing info/warning/error messages (HO)
)
Package pdftexcmds Info: \pdf@primitive is available.
Package pdftexcmds Info: \pdf@ifprimitive is available.
Package pdftexcmds Info: \pdfdraftmode found.
) (C:\Users\Matteo\AppData\Local\Programs\MiKTeX\tex/generic/kvsetkeys\kvsetkeys.sty
Package: kvsetkeys 2019/12/15 v1.18 Key value parser (HO)
) (C:\Users\Matteo\AppData\Local\Programs\MiKTeX\tex/generic/kvdefinekeys\kvdefinekeys.sty
Package: kvdefinekeys 2019-12-19 v1.6 Define keys (HO)
) (C:\Users\Matteo\AppData\Local\Programs\MiKTeX\tex/generic/pdfescape\pdfescape.sty
Package: pdfescape 2019/12/09 v1.15 Implements pdfTeX's escape features (HO)
) (C:\Users\Matteo\AppData\Local\Programs\MiKTeX\tex/latex/hycolor\hycolor.sty
Package: hycolor 2020-01-27 v1.10 Color options for hyperref/bookmark (HO)
) (C:\Users\Matteo\AppData\Local\Programs\MiKTeX\tex/latex/letltxmacro\letltxmacro.sty
Package: letltxmacro 2019/12/03 v1.6 Let assignment for LaTeX macros (HO)
) (C:\Users\Matteo\AppData\Local\Programs\MiKTeX\tex/latex/auxhook\auxhook.sty
Package: auxhook 2019-12-17 v1.6 Hooks for auxiliary files (HO)
) (C:\Users\Matteo\AppData\Local\Programs\MiKTeX\tex/latex/kvoptions\kvoptions.sty
Package: kvoptions 2020-10-07 v3.14 Key value format for package options (HO)
)
\@linkdim=\dimen180
\Hy@linkcounter=\count284
\Hy@pagecounter=\count285
 (C:\Users\Matteo\AppData\Local\Programs\MiKTeX\tex/latex/hyperref\pd1enc.def
File: pd1enc.def 2020-05-15 v7.00e Hyperref: PDFDocEncoding definition (HO)
Now handling font encoding PD1 ...
... no UTF-8 mapping file for font encoding PD1
) (C:\Users\Matteo\AppData\Local\Programs\MiKTeX\tex/generic/intcalc\intcalc.sty
Package: intcalc 2019/12/15 v1.3 Expandable calculations with integers (HO)
) (C:\Users\Matteo\AppData\Local\Programs\MiKTeX\tex/generic/etexcmds\etexcmds.sty
Package: etexcmds 2019/12/15 v1.7 Avoid name clashes with e-TeX commands (HO)
)
\Hy@SavedSpaceFactor=\count286
Package hyperref Info: Hyper figures OFF on input line 4464.
Package hyperref Info: Link nesting OFF on input line 4469.
Package hyperref Info: Hyper index ON on input line 4472.
Package hyperref Info: Plain pages OFF on input line 4479.
Package hyperref Info: Backreferencing OFF on input line 4484.
Package hyperref Info: Implicit mode ON; LaTeX internals redefined.
Package hyperref Info: Bookmarks ON on input line 4717.
\c@Hy@tempcnt=\count287
 (C:\Users\Matteo\AppData\Local\Programs\MiKTeX\tex/latex/url\url.sty
\Urlmuskip=\muskip16
Package: url 2013/09/16  ver 3.4  Verb mode for urls, etc.
)
LaTeX Info: Redefining \url on input line 5076.
\XeTeXLinkMargin=\dimen181
 (C:\Users\Matteo\AppData\Local\Programs\MiKTeX\tex/generic/bitset\bitset.sty
Package: bitset 2019/12/09 v1.3 Handle bit-vector datatype (HO)
 (C:\Users\Matteo\AppData\Local\Programs\MiKTeX\tex/generic/bigintcalc\bigintcalc.sty
Package: bigintcalc 2019/12/15 v1.5 Expandable calculations on big integers (HO)
))
\Fld@menulength=\count288
\Field@Width=\dimen182
\Fld@charsize=\dimen183
Package hyperref Info: Hyper figures OFF on input line 6347.
Package hyperref Info: Link nesting OFF on input line 6352.
Package hyperref Info: Hyper index ON on input line 6355.
Package hyperref Info: backreferencing OFF on input line 6362.
Package hyperref Info: Link coloring OFF on input line 6367.
Package hyperref Info: Link coloring with OCG OFF on input line 6372.
Package hyperref Info: PDF/A mode OFF on input line 6377.
LaTeX Info: Redefining \ref on input line 6417.
LaTeX Info: Redefining \pageref on input line 6421.
 (C:\Users\Matteo\AppData\Local\Programs\MiKTeX\tex/latex/base\atbegshi-ltx.sty
Package: atbegshi-ltx 2020/08/17 v1.0a Emulation of the original atbegshi package
with kernel methods
)
\Hy@abspage=\count289
\c@Item=\count290
\c@Hfootnote=\count291
)
Package hyperref Info: Driver (autodetected): hpdftex.
 (C:\Users\Matteo\AppData\Local\Programs\MiKTeX\tex/latex/hyperref\hpdftex.def
File: hpdftex.def 2020-05-15 v7.00e Hyperref driver for pdfTeX
 (C:\Users\Matteo\AppData\Local\Programs\MiKTeX\tex/latex/base\atveryend-ltx.sty
Package: atveryend-ltx 2020/08/19 v1.0a Emulation of the original atvery package
with kernel methods
)
\Fld@listcount=\count292
\c@bookmark@seq@number=\count293
 (C:\Users\Matteo\AppData\Local\Programs\MiKTeX\tex/latex/rerunfilecheck\rerunfilecheck.sty
Package: rerunfilecheck 2019/12/05 v1.9 Rerun checks for auxiliary files (HO)
 (C:\Users\Matteo\AppData\Local\Programs\MiKTeX\tex/generic/uniquecounter\uniquecounter.sty
Package: uniquecounter 2019/12/15 v1.4 Provide unlimited unique counter (HO)
)
Package uniquecounter Info: New unique counter `rerunfilecheck' on input line 286.
)
\Hy@SectionHShift=\skip69
)
Package hyperref Info: Option `colorlinks' set `true' on input line 29.
 (C:\Users\Matteo\AppData\Local\Programs\MiKTeX\tex/latex/tools\tabularx.sty
Package: tabularx 2020/01/15 v2.11c `tabularx' package (DPC)
\TX@col@width=\dimen184
\TX@old@table=\dimen185
\TX@old@col=\dimen186
\TX@target=\dimen187
\TX@delta=\dimen188
\TX@cols=\count294
\TX@ftn=\toks38
)) (C:\Users\Matteo\AppData\Local\Programs\MiKTeX\tex/latex/tools\multicol.sty
Package: multicol 2019/12/09 v1.8y multicolumn formatting (FMi)
\c@tracingmulticols=\count295
\mult@box=\box64
\multicol@leftmargin=\dimen189
\c@unbalance=\count296
\c@collectmore=\count297
\doublecol@number=\count298
\multicoltolerance=\count299
\multicolpretolerance=\count300
\full@width=\dimen190
\page@free=\dimen191
\premulticols=\dimen192
\postmulticols=\dimen193
\multicolsep=\skip70
\multicolbaselineskip=\skip71
\partial@page=\box65
\last@line=\box66
\maxbalancingoverflow=\dimen194
\mult@rightbox=\box67
\mult@grightbox=\box68
\mult@gfirstbox=\box69
\mult@firstbox=\box70
\@tempa=\box71
\@tempa=\box72
\@tempa=\box73
\@tempa=\box74
\@tempa=\box75
\@tempa=\box76
\@tempa=\box77
\@tempa=\box78
\@tempa=\box79
\@tempa=\box80
\@tempa=\box81
\@tempa=\box82
\@tempa=\box83
\@tempa=\box84
\@tempa=\box85
\@tempa=\box86
\@tempa=\box87
\@tempa=\box88
\@tempa=\box89
\@tempa=\box90
\@tempa=\box91
\@tempa=\box92
\@tempa=\box93
\@tempa=\box94
\@tempa=\box95
\@tempa=\box96
\@tempa=\box97
\@tempa=\box98
\@tempa=\box99
\@tempa=\box100
\@tempa=\box101
\@tempa=\box102
\@tempa=\box103
\@tempa=\box104
\@tempa=\box105
\@tempa=\box106
\@tempa=\box107
\c@minrows=\count301
\c@columnbadness=\count302
\c@finalcolumnbadness=\count303
\last@try=\dimen195
\multicolovershoot=\dimen196
\multicolundershoot=\dimen197
\mult@nat@firstbox=\box108
\colbreak@box=\box109
\mc@col@check@num=\count304
) (../_config/config.tex) ("c:/Users\Matteo\Documents\HD VIZ\documentazione\analisi-dei-requisiti\source/title_page.tex") ("c:/Users\Matteo\Documents\HD VIZ\documentazione\analisi-dei-requisiti\source/changelog.tex") (C:\Users\Matteo\AppData\Local\Programs\MiKTeX\tex/latex/l3backend\l3backend-pdftex.def
File: l3backend-pdftex.def 2020-09-24 L3 backend support: PDF output (pdfTeX)
\l__kernel_color_stack_int=\count305
\l__pdf_internal_box=\box110
) ("c:/Users\Matteo\Documents\HD VIZ\documentazione\analisi-dei-requisiti\main.aux")
\openout1 = `main.aux'.

LaTeX Font Info:    Checking defaults for OML/cmm/m/it on input line 12.
LaTeX Font Info:    ... okay on input line 12.
LaTeX Font Info:    Checking defaults for OMS/cmsy/m/n on input line 12.
LaTeX Font Info:    ... okay on input line 12.
LaTeX Font Info:    Checking defaults for OT1/cmr/m/n on input line 12.
LaTeX Font Info:    ... okay on input line 12.
LaTeX Font Info:    Checking defaults for T1/cmr/m/n on input line 12.
LaTeX Font Info:    ... okay on input line 12.
LaTeX Font Info:    Checking defaults for TS1/cmr/m/n on input line 12.
LaTeX Font Info:    ... okay on input line 12.
LaTeX Font Info:    Checking defaults for OMX/cmex/m/n on input line 12.
LaTeX Font Info:    ... okay on input line 12.
LaTeX Font Info:    Checking defaults for U/cmr/m/n on input line 12.
LaTeX Font Info:    ... okay on input line 12.
LaTeX Font Info:    Checking defaults for PD1/pdf/m/n on input line 12.
LaTeX Font Info:    ... okay on input line 12.
LaTeX Info: Redefining \it@ocap on input line 12.
LaTeX Info: Redefining \it@ccap on input line 12.
 (C:\Users\Matteo\AppData\Local\Programs\MiKTeX\tex/context/base/mkii\supp-pdf.mkii
[Loading MPS to PDF converter (version 2006.09.02).]
\scratchcounter=\count306
\scratchdimen=\dimen198
\scratchbox=\box111
\nofMPsegments=\count307
\nofMParguments=\count308
\everyMPshowfont=\toks39
\MPscratchCnt=\count309
\MPscratchDim=\dimen199
\MPnumerator=\count310
\makeMPintoPDFobject=\count311
\everyMPtoPDFconversion=\toks40
) (C:\Users\Matteo\AppData\Local\Programs\MiKTeX\tex/latex/epstopdf-pkg\epstopdf-base.sty
Package: epstopdf-base 2020-01-24 v2.11 Base part for package epstopdf
Package epstopdf-base Info: Redefining graphics rule for `.eps' on input line 485.
)
*geometry* driver: auto-detecting
*geometry* detected driver: pdftex
*geometry* verbose mode - [ preamble ] result:
* driver: pdftex
* paper: a4paper
* layout: <same size as paper>
* layoutoffset:(h,v)=(0.0pt,0.0pt)
* modes: 
* h-part:(L,W,R)=(89.62709pt, 418.25368pt, 89.6271pt)
* v-part:(T,H,B)=(101.40665pt, 591.5302pt, 152.11pt)
* \paperwidth=597.50787pt
* \paperheight=845.04684pt
* \textwidth=418.25368pt
* \textheight=591.5302pt
* \oddsidemargin=17.3571pt
* \evensidemargin=17.3571pt
* \topmargin=-7.86334pt
* \headheight=12.0pt
* \headsep=25.0pt
* \topskip=10.0pt
* \footskip=30.0pt
* \marginparwidth=57.0pt
* \marginparsep=11.0pt
* \columnsep=10.0pt
* \skip\footins=9.0pt plus 4.0pt minus 2.0pt
* \hoffset=0.0pt
* \voffset=0.0pt
* \mag=1000
* \@twocolumnfalse
* \@twosidefalse
* \@mparswitchfalse
* \@reversemarginfalse
* (1in=72.27pt=25.4mm, 1cm=28.453pt)

Package lastpage Info: Please have a look at the pageslts package at
(lastpage)             https://www.ctan.org/pkg/pageslts
(lastpage)             ! on input line 12.
Package hyperref Info: Link coloring ON on input line 12.
(C:\Users\Matteo\AppData\Local\Programs\MiKTeX\tex/latex/hyperref\nameref.sty
Package: nameref 2019/09/16 v2.46 Cross-referencing by name of section
 (C:\Users\Matteo\AppData\Local\Programs\MiKTeX\tex/latex/refcount\refcount.sty
Package: refcount 2019/12/15 v3.6 Data extraction from label references (HO)
) (C:\Users\Matteo\AppData\Local\Programs\MiKTeX\tex/generic/gettitlestring\gettitlestring.sty
Package: gettitlestring 2019/12/15 v1.6 Cleanup title references (HO)
)
\c@section@level=\count312
)
LaTeX Info: Redefining \ref on input line 12.
LaTeX Info: Redefining \pageref on input line 12.
LaTeX Info: Redefining \nameref on input line 12.
 ("c:/Users\Matteo\Documents\HD VIZ\documentazione\analisi-dei-requisiti\main.out") ("c:/Users\Matteo\Documents\HD VIZ\documentazione\analisi-dei-requisiti\main.out")
\@outlinefile=\write3
\openout3 = `main.out'.

 (../_template/title_page.tex
<../_template/images/logo.png, id=235, 355.82938pt x 355.82938pt>
File: ../_template/images/logo.png Graphic file (type png)
<use ../_template/images/logo.png>
Package pdftex.def Info: ../_template/images/logo.png  used on input line 8.
(pdftex.def)             Requested size: 177.91425pt x 177.91425pt.
LaTeX Font Info:    External font `cmex10' loaded for size
(Font)              <7> on input line 20.
LaTeX Font Info:    External font `cmex10' loaded for size
(Font)              <5> on input line 20.
LaTeX Font Info:    Trying to load font information for T1+cmtt on input line 38.
 (C:\Users\Matteo\AppData\Local\Programs\MiKTeX\tex/latex/base\t1cmtt.fd
File: t1cmtt.fd 2019/12/16 v2.5j Standard LaTeX font definitions
) [1

{C:/Users/Matteo/AppData/Local/MiKTeX/pdftex/config/pdftex.map} <../_template/images/logo.png>]) (../_template/changelog.tex
Underfull \vbox (badness 10000) detected at line 29
 []

)
<../_template/images/logo_crop.png, id=249, 848.16875pt x 261.47687pt>
File: ../_template/images/logo_crop.png Graphic file (type png)
<use ../_template/images/logo_crop.png>
Package pdftex.def Info: ../_template/images/logo_crop.png  used on input line 19.
(pdftex.def)             Requested size: 50.88792pt x 15.68793pt.


Package Fancyhdr Warning: \headheight is too small (12.0pt): 
Make it at least 19.28796pt.
We now make it that large for the rest of the document.
This may cause the page layout to be inconsistent, however.

pdfTeX warning (ext4): destination with the same identifier (name{page.1}) has been already used, duplicate ignored
<to be read again> 
                   \relax 
l.19 
      [1 <../_template/images/logo_crop.png>] ("c:/Users\Matteo\Documents\HD VIZ\documentazione\analisi-dei-requisiti\main.toc"
File: ../_template/images/logo_crop.png Graphic file (type png)
<use ../_template/images/logo_crop.png>
Package pdftex.def Info: ../_template/images/logo_crop.png  used on input line 57.
(pdftex.def)             Requested size: 50.88792pt x 15.68793pt.
 [2])
\tf@toc=\write4
\openout4 = `main.toc'.

File: ../_template/images/logo_crop.png Graphic file (type png)
<use ../_template/images/logo_crop.png>
Package pdftex.def Info: ../_template/images/logo_crop.png  used on input line 23.
(pdftex.def)             Requested size: 50.88792pt x 15.68793pt.
 [3] ("c:/Users\Matteo\Documents\HD VIZ\documentazione\analisi-dei-requisiti\main.lot")
\tf@lot=\write5
\openout5 = `main.lot'.

File: ../_template/images/logo_crop.png Graphic file (type png)
<use ../_template/images/logo_crop.png>
Package pdftex.def Info: ../_template/images/logo_crop.png  used on input line 28.
(pdftex.def)             Requested size: 50.88792pt x 15.68793pt.
 [4] ("c:/Users\Matteo\Documents\HD VIZ\documentazione\analisi-dei-requisiti\source/sections/introduzione.tex"
Overfull \hbox (0.40022pt too wide) in paragraph at lines 15--17
[][]$\T1/cmtt/m/n/10 https : / / www . math . unipd . it / ~rcardin / swea / 2021 / Diagrammi % 20Use % 20Case _ 4x4 . pdf$[][] 
 []

)
File: ../_template/images/logo_crop.png Graphic file (type png)
<use ../_template/images/logo_crop.png>
Package pdftex.def Info: ../_template/images/logo_crop.png  used on input line 32.
(pdftex.def)             Requested size: 50.88792pt x 15.68793pt.
 [5] ("c:/Users\Matteo\Documents\HD VIZ\documentazione\analisi-dei-requisiti\source/sections/descrizione_generale.tex") ("c:/Users\Matteo\Documents\HD VIZ\documentazione\analisi-dei-requisiti\source/sections/casi_uso.tex"
File: ../_template/images/logo_crop.png Graphic file (type png)
<use ../_template/images/logo_crop.png>
Package pdftex.def Info: ../_template/images/logo_crop.png  used on input line 1.
(pdftex.def)             Requested size: 50.88792pt x 15.68793pt.
 [6] ("c:/Users\Matteo\Documents\HD VIZ\documentazione\analisi-dei-requisiti\source/sections/casi-uso/uc1.tex"
<source/sections/casi-uso/diagrams/uc1.pdf, id=358, 624.41275pt x 254.8722pt>
File: source/sections/casi-uso/diagrams/uc1.pdf Graphic file (type pdf)
<use source/sections/casi-uso/diagrams/uc1.pdf>
Package pdftex.def Info: source/sections/casi-uso/diagrams/uc1.pdf  used on input line 6.
(pdftex.def)             Requested size: 418.25368pt x 170.7207pt.
File: ../_template/images/logo_crop.png Graphic file (type png)
<use ../_template/images/logo_crop.png>
Package pdftex.def Info: ../_template/images/logo_crop.png  used on input line 25.
(pdftex.def)             Requested size: 50.88792pt x 15.68793pt.
 [7 <c:/Users/Matteo/Documents/HD VIZ/documentazione/analisi-dei-requisiti/source/sections/casi-uso/diagrams/uc1.pdf

pdfTeX warning: pdflatex (file c:/Users/Matteo/Documents/HD VIZ/documentazione/analisi-dei-requisiti/source/sections/casi-uso/diagrams/uc1.pdf): PDF inclusion: invalid other resource which is no dict (key 'ProcSets', type <array>); ignored.
>]
File: ../_template/images/logo_crop.png Graphic file (type png)
<use ../_template/images/logo_crop.png>
Package pdftex.def Info: ../_template/images/logo_crop.png  used on input line 91.
(pdftex.def)             Requested size: 50.88792pt x 15.68793pt.
 [8])
File: ../_template/images/logo_crop.png Graphic file (type png)
<use ../_template/images/logo_crop.png>
Package pdftex.def Info: ../_template/images/logo_crop.png  used on input line 14.
(pdftex.def)             Requested size: 50.88792pt x 15.68793pt.
 [9] ("c:/Users\Matteo\Documents\HD VIZ\documentazione\analisi-dei-requisiti\source/sections/casi-uso/uc2.tex"
<source/sections/casi-uso/diagrams/uc2.pdf, id=436, 364.48169pt x 413.62529pt>
File: source/sections/casi-uso/diagrams/uc2.pdf Graphic file (type pdf)
<use source/sections/casi-uso/diagrams/uc2.pdf>
Package pdftex.def Info: source/sections/casi-uso/diagrams/uc2.pdf  used on input line 6.
(pdftex.def)             Requested size: 313.69025pt x 355.99481pt.
File: ../_template/images/logo_crop.png Graphic file (type png)
<use ../_template/images/logo_crop.png>
Package pdftex.def Info: ../_template/images/logo_crop.png  used on input line 29.
(pdftex.def)             Requested size: 50.88792pt x 15.68793pt.
 [10 <c:/Users/Matteo/Documents/HD VIZ/documentazione/analisi-dei-requisiti/source/sections/casi-uso/diagrams/uc2.pdf

pdfTeX warning: pdflatex (file c:/Users/Matteo/Documents/HD VIZ/documentazione/analisi-dei-requisiti/source/sections/casi-uso/diagrams/uc2.pdf): PDF inclusion: invalid other resource which is no dict (key 'ProcSets', type <array>); ignored.
>]
File: ../_template/images/logo_crop.png Graphic file (type png)
<use ../_template/images/logo_crop.png>
Package pdftex.def Info: ../_template/images/logo_crop.png  used on input line 93.
(pdftex.def)             Requested size: 50.88792pt x 15.68793pt.
 [11])
File: ../_template/images/logo_crop.png Graphic file (type png)
<use ../_template/images/logo_crop.png>
Package pdftex.def Info: ../_template/images/logo_crop.png  used on input line 16.
(pdftex.def)             Requested size: 50.88792pt x 15.68793pt.
 [12] ("c:/Users\Matteo\Documents\HD VIZ\documentazione\analisi-dei-requisiti\source/sections/casi-uso/uc3.tex"
<source/sections/casi-uso/diagrams/uc3.pdf, id=492, 212.71469pt x 204.765pt>
File: source/sections/casi-uso/diagrams/uc3.pdf Graphic file (type pdf)
<use source/sections/casi-uso/diagrams/uc3.pdf>
Package pdftex.def Info: source/sections/casi-uso/diagrams/uc3.pdf  used on input line 6.
(pdftex.def)             Requested size: 209.12683pt x 201.32132pt.
File: ../_template/images/logo_crop.png Graphic file (type png)
<use ../_template/images/logo_crop.png>
Package pdftex.def Info: ../_template/images/logo_crop.png  used on input line 36.
(pdftex.def)             Requested size: 50.88792pt x 15.68793pt.
 [13 <c:/Users/Matteo/Documents/HD VIZ/documentazione/analisi-dei-requisiti/source/sections/casi-uso/diagrams/uc3.pdf

pdfTeX warning: pdflatex (file c:/Users/Matteo/Documents/HD VIZ/documentazione/analisi-dei-requisiti/source/sections/casi-uso/diagrams/uc3.pdf): PDF inclusion: invalid other resource which is no dict (key 'ProcSets', type <array>); ignored.
>])
File: ../_template/images/logo_crop.png Graphic file (type png)
<use ../_template/images/logo_crop.png>
Package pdftex.def Info: ../_template/images/logo_crop.png  used on input line 18.
(pdftex.def)             Requested size: 50.88792pt x 15.68793pt.
 [14] ("c:/Users\Matteo\Documents\HD VIZ\documentazione\analisi-dei-requisiti\source/sections/casi-uso/uc4.tex"
<source/sections/casi-uso/diagrams/uc4.pdf, id=534, 212.71469pt x 189.8292pt>
File: source/sections/casi-uso/diagrams/uc4.pdf Graphic file (type pdf)
<use source/sections/casi-uso/diagrams/uc4.pdf>
Package pdftex.def Info: source/sections/casi-uso/diagrams/uc4.pdf  used on input line 6.
(pdftex.def)             Requested size: 209.12683pt x 186.6367pt.
File: ../_template/images/logo_crop.png Graphic file (type png)
<use ../_template/images/logo_crop.png>
Package pdftex.def Info: ../_template/images/logo_crop.png  used on input line 42.
(pdftex.def)             Requested size: 50.88792pt x 15.68793pt.
 [15 <c:/Users/Matteo/Documents/HD VIZ/documentazione/analisi-dei-requisiti/source/sections/casi-uso/diagrams/uc4.pdf>])
File: ../_template/images/logo_crop.png Graphic file (type png)
<use ../_template/images/logo_crop.png>
Package pdftex.def Info: ../_template/images/logo_crop.png  used on input line 20.
(pdftex.def)             Requested size: 50.88792pt x 15.68793pt.
 [16] ("c:/Users\Matteo\Documents\HD VIZ\documentazione\analisi-dei-requisiti\source/sections/casi-uso/uc5.tex"
<source/sections/casi-uso/diagrams/uc5.pdf, id=574, 364.48169pt x 363.27718pt>
File: source/sections/casi-uso/diagrams/uc5.pdf Graphic file (type pdf)
<use source/sections/casi-uso/diagrams/uc5.pdf>
Package pdftex.def Info: source/sections/casi-uso/diagrams/uc5.pdf  used on input line 6.
(pdftex.def)             Requested size: 292.77629pt x 291.81392pt.
File: ../_template/images/logo_crop.png Graphic file (type png)
<use ../_template/images/logo_crop.png>
Package pdftex.def Info: ../_template/images/logo_crop.png  used on input line 33.
(pdftex.def)             Requested size: 50.88792pt x 15.68793pt.
 [17 <c:/Users/Matteo/Documents/HD VIZ/documentazione/analisi-dei-requisiti/source/sections/casi-uso/diagrams/uc5.pdf>]
File: ../_template/images/logo_crop.png Graphic file (type png)
<use ../_template/images/logo_crop.png>
Package pdftex.def Info: ../_template/images/logo_crop.png  used on input line 81.
(pdftex.def)             Requested size: 50.88792pt x 15.68793pt.
 [18]
File: ../_template/images/logo_crop.png Graphic file (type png)
<use ../_template/images/logo_crop.png>
Package pdftex.def Info: ../_template/images/logo_crop.png  used on input line 120.
(pdftex.def)             Requested size: 50.88792pt x 15.68793pt.
 [19]
File: ../_template/images/logo_crop.png Graphic file (type png)
<use ../_template/images/logo_crop.png>
Package pdftex.def Info: ../_template/images/logo_crop.png  used on input line 176.
(pdftex.def)             Requested size: 50.88792pt x 15.68793pt.
 [20])
File: ../_template/images/logo_crop.png Graphic file (type png)
<use ../_template/images/logo_crop.png>
Package pdftex.def Info: ../_template/images/logo_crop.png  used on input line 22.
(pdftex.def)             Requested size: 50.88792pt x 15.68793pt.
 [21] ("c:/Users\Matteo\Documents\HD VIZ\documentazione\analisi-dei-requisiti\source/sections/casi-uso/uc6.tex"
<source/sections/casi-uso/diagrams/uc6.pdf, id=678, 364.48169pt x 277.035pt>
File: source/sections/casi-uso/diagrams/uc6.pdf Graphic file (type pdf)
<use source/sections/casi-uso/diagrams/uc6.pdf>
Package pdftex.def Info: source/sections/casi-uso/diagrams/uc6.pdf  used on input line 6.
(pdftex.def)             Requested size: 313.69025pt x 238.43567pt.
File: ../_template/images/logo_crop.png Graphic file (type png)
<use ../_template/images/logo_crop.png>
Package pdftex.def Info: ../_template/images/logo_crop.png  used on input line 38.
(pdftex.def)             Requested size: 50.88792pt x 15.68793pt.
 [22 <c:/Users/Matteo/Documents/HD VIZ/documentazione/analisi-dei-requisiti/source/sections/casi-uso/diagrams/uc6.pdf>])
File: ../_template/images/logo_crop.png Graphic file (type png)
<use ../_template/images/logo_crop.png>
Package pdftex.def Info: ../_template/images/logo_crop.png  used on input line 24.
(pdftex.def)             Requested size: 50.88792pt x 15.68793pt.
 [23] ("c:/Users\Matteo\Documents\HD VIZ\documentazione\analisi-dei-requisiti\source/sections/casi-uso/uc7.tex"
<source/sections/casi-uso/diagrams/uc7.pdf, id=735, 516.00781pt x 232.9503pt>
File: source/sections/casi-uso/diagrams/uc7.pdf Graphic file (type pdf)
<use source/sections/casi-uso/diagrams/uc7.pdf>
Package pdftex.def Info: source/sections/casi-uso/diagrams/uc7.pdf  used on input line 6.
(pdftex.def)             Requested size: 376.42575pt x 169.935pt.
File: ../_template/images/logo_crop.png Graphic file (type png)
<use ../_template/images/logo_crop.png>
Package pdftex.def Info: ../_template/images/logo_crop.png  used on input line 46.
(pdftex.def)             Requested size: 50.88792pt x 15.68793pt.
 [24 <c:/Users/Matteo/Documents/HD VIZ/documentazione/analisi-dei-requisiti/source/sections/casi-uso/diagrams/uc7.pdf>]
File: ../_template/images/logo_crop.png Graphic file (type png)
<use ../_template/images/logo_crop.png>
Package pdftex.def Info: ../_template/images/logo_crop.png  used on input line 100.
(pdftex.def)             Requested size: 50.88792pt x 15.68793pt.
 [25])
File: ../_template/images/logo_crop.png Graphic file (type png)
<use ../_template/images/logo_crop.png>
Package pdftex.def Info: ../_template/images/logo_crop.png  used on input line 26.
(pdftex.def)             Requested size: 50.88792pt x 15.68793pt.
 [26] ("c:/Users\Matteo\Documents\HD VIZ\documentazione\analisi-dei-requisiti\source/sections/casi-uso/uc8.tex"
<source/sections/casi-uso/diagrams/uc8.pdf, id=797, 212.71469pt x 204.765pt>
File: source/sections/casi-uso/diagrams/uc8.pdf Graphic file (type pdf)
<use source/sections/casi-uso/diagrams/uc8.pdf>
Package pdftex.def Info: source/sections/casi-uso/diagrams/uc8.pdf  used on input line 6.
(pdftex.def)             Requested size: 209.12683pt x 201.32132pt.
File: ../_template/images/logo_crop.png Graphic file (type png)
<use ../_template/images/logo_crop.png>
Package pdftex.def Info: ../_template/images/logo_crop.png  used on input line 42.
(pdftex.def)             Requested size: 50.88792pt x 15.68793pt.
 [27 <c:/Users/Matteo/Documents/HD VIZ/documentazione/analisi-dei-requisiti/source/sections/casi-uso/diagrams/uc8.pdf>])
File: ../_template/images/logo_crop.png Graphic file (type png)
<use ../_template/images/logo_crop.png>
Package pdftex.def Info: ../_template/images/logo_crop.png  used on input line 28.
(pdftex.def)             Requested size: 50.88792pt x 15.68793pt.
 [28] ("c:/Users\Matteo\Documents\HD VIZ\documentazione\analisi-dei-requisiti\source/sections/casi-uso/uc9.tex"
<source/sections/casi-uso/diagrams/uc9.pdf, id=870, 451.6875pt x 103.3461pt>
File: source/sections/casi-uso/diagrams/uc9.pdf Graphic file (type pdf)
<use source/sections/casi-uso/diagrams/uc9.pdf>
Package pdftex.def Info: source/sections/casi-uso/diagrams/uc9.pdf  used on input line 6.
(pdftex.def)             Requested size: 376.42575pt x 86.13046pt.
File: ../_template/images/logo_crop.png Graphic file (type png)
<use ../_template/images/logo_crop.png>
Package pdftex.def Info: ../_template/images/logo_crop.png  used on input line 49.
(pdftex.def)             Requested size: 50.88792pt x 15.68793pt.
 [29 <c:/Users/Matteo/Documents/HD VIZ/documentazione/analisi-dei-requisiti/source/sections/casi-uso/diagrams/uc9.pdf>])
File: ../_template/images/logo_crop.png Graphic file (type png)
<use ../_template/images/logo_crop.png>
Package pdftex.def Info: ../_template/images/logo_crop.png  used on input line 30.
(pdftex.def)             Requested size: 50.88792pt x 15.68793pt.
 [30] ("c:/Users\Matteo\Documents\HD VIZ\documentazione\analisi-dei-requisiti\source/sections/casi-uso/uc10.tex"))
File: ../_template/images/logo_crop.png Graphic file (type png)
<use ../_template/images/logo_crop.png>
Package pdftex.def Info: ../_template/images/logo_crop.png  used on input line 36.
(pdftex.def)             Requested size: 50.88792pt x 15.68793pt.
 [31] ("c:/Users\Matteo\Documents\HD VIZ\documentazione\analisi-dei-requisiti\source/sections/requisiti.tex" ("c:/Users\Matteo\Documents\HD VIZ\documentazione\analisi-dei-requisiti\source/sections/requisiti/requisiti-funzionali.tex"
Underfull \vbox (badness 10000) detected at line 82
 []

File: ../_template/images/logo_crop.png Graphic file (type png)
<use ../_template/images/logo_crop.png>
Package pdftex.def Info: ../_template/images/logo_crop.png  used on input line 82.
(pdftex.def)             Requested size: 50.88792pt x 15.68793pt.
[32]
File: ../_template/images/logo_crop.png Graphic file (type png)
<use ../_template/images/logo_crop.png>
Package pdftex.def Info: ../_template/images/logo_crop.png  used on input line 82.
(pdftex.def)             Requested size: 50.88792pt x 15.68793pt.
 [33]
File: ../_template/images/logo_crop.png Graphic file (type png)
<use ../_template/images/logo_crop.png>
Package pdftex.def Info: ../_template/images/logo_crop.png  used on input line 82.
(pdftex.def)             Requested size: 50.88792pt x 15.68793pt.
 [34]) ("c:/Users\Matteo\Documents\HD VIZ\documentazione\analisi-dei-requisiti\source/sections/requisiti/requisiti-qualita.tex"
Underfull \vbox (badness 10000) detected at line 58
 []

File: ../_template/images/logo_crop.png Graphic file (type png)
<use ../_template/images/logo_crop.png>
Package pdftex.def Info: ../_template/images/logo_crop.png  used on input line 58.
(pdftex.def)             Requested size: 50.88792pt x 15.68793pt.
[35]) ("c:/Users\Matteo\Documents\HD VIZ\documentazione\analisi-dei-requisiti\source/sections/requisiti/requisiti-vincolo.tex"
Underfull \vbox (badness 10000) detected at line 58
 []

File: ../_template/images/logo_crop.png Graphic file (type png)
<use ../_template/images/logo_crop.png>
Package pdftex.def Info: ../_template/images/logo_crop.png  used on input line 58.
(pdftex.def)             Requested size: 50.88792pt x 15.68793pt.
[36]) ("c:/Users\Matteo\Documents\HD VIZ\documentazione\analisi-dei-requisiti\source/sections/requisiti/requisiti-prestazionali.tex") ("c:/Users\Matteo\Documents\HD VIZ\documentazione\analisi-dei-requisiti\source/sections/requisiti/fonte-requisiti.tex"
File: ../_template/images/logo_crop.png Graphic file (type png)
<use ../_template/images/logo_crop.png>
Package pdftex.def Info: ../_template/images/logo_crop.png  used on input line 6.
(pdftex.def)             Requested size: 50.88792pt x 15.68793pt.
 [37]
Overfull \vbox (0.43872pt too high) has occurred while \output is active []


Overfull \vbox (0.43872pt too high) has occurred while \output is active []

File: ../_template/images/logo_crop.png Graphic file (type png)
<use ../_template/images/logo_crop.png>
Package pdftex.def Info: ../_template/images/logo_crop.png  used on input line 104.
(pdftex.def)             Requested size: 50.88792pt x 15.68793pt.
 [38])
Underfull \vbox (badness 10000) detected at line 32
 []

) 
AED: lastpage setting LastPage
File: ../_template/images/logo_crop.png Graphic file (type png)
<use ../_template/images/logo_crop.png>
Package pdftex.def Info: ../_template/images/logo_crop.png  used on input line 38.
(pdftex.def)             Requested size: 50.88792pt x 15.68793pt.
[39] ("c:/Users\Matteo\Documents\HD VIZ\documentazione\analisi-dei-requisiti\main.aux")
Package rerunfilecheck Info: File `main.out' has not changed.
(rerunfilecheck)             Checksum: E75BCDF1BC66EA8C59EEB1803EEFDCE2;4655.
 ) 
Here is how much of TeX's memory you used:
 15052 strings out of 479696
 263384 string characters out of 2866639
 630374 words of memory out of 3000000
 31551 multiletter control sequences out of 15000+200000
 412713 words of font info for 41 fonts, out of 3000000 for 9000
 1141 hyphenation exceptions out of 8191
 70i,17n,74p,629b,666s stack positions out of 5000i,500n,10000p,200000b,50000s
 <C:\Users\Matteo\AppData\Local\MiKTeX\fonts/pk/ljfour/jknappen/ec/dpi600\ectt1000.pk> <C:\Users\Matteo\AppData\Local\MiKTeX\fonts/pk/ljfour/jknappen/ec/dpi600\tcrm1000.pk> <C:\Users\Matteo\AppData\Local\MiKTeX\fonts/pk/ljfour/jknappen/ec/dpi600\ecti1000.pk> <C:\Users\Matteo\AppData\Local\MiKTeX\fonts/pk/ljfour/jknappen/ec/dpi600\ecbx1440.pk> <C:\Users\Matteo\AppData\Local\MiKTeX\fonts/pk/ljfour/jknappen/ec/dpi600\ectt0900.pk> <C:\Users\Matteo\AppData\Local\MiKTeX\fonts/pk/ljfour/jknappen/ec/dpi600\ecrm1000.pk> <C:\Users\Matteo\AppData\Local\MiKTeX\fonts/pk/ljfour/jknappen/ec/dpi600\ecbx1000.pk> <C:\Users\Matteo\AppData\Local\MiKTeX\fonts/pk/ljfour/jknappen/ec/dpi600\ecbx2074.pk> <C:\Users\Matteo\AppData\Local\MiKTeX\fonts/pk/ljfour/jknappen/ec/dpi600\ecbi1200.pk> <C:\Users\Matteo\AppData\Local\MiKTeX\fonts/pk/ljfour/jknappen/ec/dpi600\ecbx1200.pk><C:/Users/Matteo/AppData/Local/Programs/MiKTeX/fonts/type1/public/amsfonts/cm/cmmi10.pfb><C:/Users/Matteo/AppData/Local/Programs/MiKTeX/fonts/type1/public/amsfonts/cm/cmmi5.pfb><C:/Users/Matteo/AppData/Local/Programs/MiKTeX/fonts/type1/public/amsfonts/cm/cmmi7.pfb><C:/Users/Matteo/AppData/Local/Programs/MiKTeX/fonts/type1/public/amsfonts/cm/cmr10.pfb><C:/Users/Matteo/AppData/Local/Programs/MiKTeX/fonts/type1/public/amsfonts/cm/cmsy10.pfb><C:/Users/Matteo/AppData/Local/Programs/MiKTeX/fonts/type1/public/amsfonts/cm/cmsy7.pfb>
Output written on "c:/Users\Matteo\Documents\HD VIZ\documentazione\analisi-dei-requisiti\main.pdf" (40 pages, 956302 bytes).
PDF statistics:
 1580 PDF objects out of 1728 (max. 8388607)
 248 named destinations out of 1000 (max. 500000)
 520 words of extra memory for PDF output out of 10000 (max. 10000000)

