\BOOKMARK [1][-]{section.1}{CAPITOLATO SCELTO: Capitolato 4 - HD Viz}{}% 1
\BOOKMARK [2][-]{subsection.1.1}{Informazioni generali}{section.1}% 2
\BOOKMARK [2][-]{subsection.1.2}{Descrizione capitolato}{section.1}% 3
\BOOKMARK [2][-]{subsection.1.3}{Finalit\340 del progetto}{section.1}% 4
\BOOKMARK [2][-]{subsection.1.4}{Tecnologie interessate}{section.1}% 5
\BOOKMARK [2][-]{subsection.1.5}{Aspetti positivi}{section.1}% 6
\BOOKMARK [2][-]{subsection.1.6}{Criticit\340 e fattori di rischio}{section.1}% 7
\BOOKMARK [2][-]{subsection.1.7}{Conclusioni}{section.1}% 8
\BOOKMARK [1][-]{section.2}{Capitolato 1 - BlockCOVID}{}% 9
\BOOKMARK [2][-]{subsection.2.1}{Informazioni generali}{section.2}% 10
\BOOKMARK [2][-]{subsection.2.2}{Descrizione capitolato}{section.2}% 11
\BOOKMARK [2][-]{subsection.2.3}{Finalit\340 \040del progetto}{section.2}% 12
\BOOKMARK [2][-]{subsection.2.4}{Tecnologie interessate}{section.2}% 13
\BOOKMARK [2][-]{subsection.2.5}{Aspetti positivi}{section.2}% 14
\BOOKMARK [2][-]{subsection.2.6}{Criticit\340 \040e fattori di rischio}{section.2}% 15
\BOOKMARK [2][-]{subsection.2.7}{Conclusioni}{section.2}% 16
\BOOKMARK [1][-]{section.3}{Capitolato 2 - EmporioLambda}{}% 17
\BOOKMARK [2][-]{subsection.3.1}{Informazioni generali}{section.3}% 18
\BOOKMARK [2][-]{subsection.3.2}{Descrizione capitolato}{section.3}% 19
\BOOKMARK [2][-]{subsection.3.3}{Finalit\340 del progetto}{section.3}% 20
\BOOKMARK [2][-]{subsection.3.4}{Tecnologie interessate}{section.3}% 21
\BOOKMARK [2][-]{subsection.3.5}{Aspetti positivi}{section.3}% 22
\BOOKMARK [2][-]{subsection.3.6}{Criticit\340 e fattori di rischio}{section.3}% 23
\BOOKMARK [2][-]{subsection.3.7}{Conclusioni}{section.3}% 24
\BOOKMARK [1][-]{section.4}{Capitolato 3 - GDP}{}% 25
\BOOKMARK [2][-]{subsection.4.1}{Informazioni generali}{section.4}% 26
\BOOKMARK [2][-]{subsection.4.2}{Descrizione capitolato}{section.4}% 27
\BOOKMARK [2][-]{subsection.4.3}{Finalit\340 del progetto}{section.4}% 28
\BOOKMARK [2][-]{subsection.4.4}{Tecnologie interessate}{section.4}% 29
\BOOKMARK [2][-]{subsection.4.5}{Aspetti positivi}{section.4}% 30
\BOOKMARK [2][-]{subsection.4.6}{Criticit\340 e fattori di rischio}{section.4}% 31
\BOOKMARK [2][-]{subsection.4.7}{Conclusioni}{section.4}% 32
\BOOKMARK [1][-]{section.5}{Capitolato 5 - PORTACS}{}% 33
\BOOKMARK [2][-]{subsection.5.1}{Informazioni generali}{section.5}% 34
\BOOKMARK [2][-]{subsection.5.2}{Descrizione capitolato}{section.5}% 35
\BOOKMARK [2][-]{subsection.5.3}{Finalit\340 del progetto}{section.5}% 36
\BOOKMARK [2][-]{subsection.5.4}{Tecnologie interessate}{section.5}% 37
\BOOKMARK [2][-]{subsection.5.5}{Aspetti positivi}{section.5}% 38
\BOOKMARK [2][-]{subsection.5.6}{Criticit\340 e fattori di rischio}{section.5}% 39
\BOOKMARK [2][-]{subsection.5.7}{Conclusioni}{section.5}% 40
\BOOKMARK [1][-]{section.6}{Capitolato 6 - RGP}{}% 41
\BOOKMARK [2][-]{subsection.6.1}{Informazioni generali}{section.6}% 42
\BOOKMARK [2][-]{subsection.6.2}{Descrizione capitolato}{section.6}% 43
\BOOKMARK [2][-]{subsection.6.3}{Finalit\340 del progetto}{section.6}% 44
\BOOKMARK [2][-]{subsection.6.4}{Tecnologie interessate}{section.6}% 45
\BOOKMARK [2][-]{subsection.6.5}{Aspetti positivi}{section.6}% 46
\BOOKMARK [2][-]{subsection.6.6}{Criticit\340 e fattori di rischio}{section.6}% 47
\BOOKMARK [2][-]{subsection.6.7}{Conclusioni}{section.6}% 48
\BOOKMARK [1][-]{section.7}{Capitolato 7 - SSD}{}% 49
\BOOKMARK [2][-]{subsection.7.1}{Informazioni generali}{section.7}% 50
\BOOKMARK [2][-]{subsection.7.2}{Descrizione capitolato}{section.7}% 51
\BOOKMARK [2][-]{subsection.7.3}{Finalit\340 del progetto}{section.7}% 52
\BOOKMARK [2][-]{subsection.7.4}{Tecnologie interessate}{section.7}% 53
\BOOKMARK [2][-]{subsection.7.5}{Aspetti positivi}{section.7}% 54
\BOOKMARK [2][-]{subsection.7.6}{Criticit\340 e fattori di rischio}{section.7}% 55
\BOOKMARK [2][-]{subsection.7.7}{Conclusioni}{section.7}% 56
