\BOOKMARK [1][-]{section.1}{Introduzione}{}% 1
\BOOKMARK [2][-]{subsection.1.1}{Premessa}{section.1}% 2
\BOOKMARK [2][-]{subsection.1.2}{Scopo del documento}{section.1}% 3
\BOOKMARK [2][-]{subsection.1.3}{Scopo del prodotto}{section.1}% 4
\BOOKMARK [2][-]{subsection.1.4}{Glossario}{section.1}% 5
\BOOKMARK [2][-]{subsection.1.5}{Riferimenti}{section.1}% 6
\BOOKMARK [3][-]{subsubsection.1.5.1}{Riferimento normativi}{subsection.1.5}% 7
\BOOKMARK [3][-]{subsubsection.1.5.2}{Riferimenti informativi}{subsection.1.5}% 8
\BOOKMARK [1][-]{section.2}{Qualit\340 di processo}{}% 9
\BOOKMARK [2][-]{subsection.2.1}{Processi primari}{section.2}% 10
\BOOKMARK [3][-]{subsubsection.2.1.1}{Fornitura}{subsection.2.1}% 11
\BOOKMARK [3][-]{subsubsection.2.1.2}{Pianificazione}{subsection.2.1}% 12
\BOOKMARK [3][-]{subsubsection.2.1.3}{Sviluppo}{subsection.2.1}% 13
\BOOKMARK [2][-]{subsection.2.2}{Processi di supporto}{section.2}% 14
\BOOKMARK [3][-]{subsubsection.2.2.1}{Documentazione}{subsection.2.2}% 15
\BOOKMARK [3][-]{subsubsection.2.2.2}{Quality assurance}{subsection.2.2}% 16
\BOOKMARK [3][-]{subsubsection.2.2.3}{Verification process}{subsection.2.2}% 17
\BOOKMARK [1][-]{section.3}{Qualit\340 di Prodotto}{}% 18
\BOOKMARK [2][-]{subsection.3.1}{ISO 9126}{section.3}% 19
\BOOKMARK [2][-]{subsection.3.2}{Funzionalit\340}{section.3}% 20
\BOOKMARK [2][-]{subsection.3.3}{Affidabilit\340}{section.3}% 21
\BOOKMARK [2][-]{subsection.3.4}{Usabilit\340}{section.3}% 22
\BOOKMARK [2][-]{subsection.3.5}{Efficienza}{section.3}% 23
\BOOKMARK [2][-]{subsection.3.6}{Manutenibilit\340}{section.3}% 24
\BOOKMARK [1][-]{section.4}{Specifica dei test}{}% 25
\BOOKMARK [2][-]{subsection.4.1}{Test di Sistema}{section.4}% 26
\BOOKMARK [3][-]{subsubsection.4.1.1}{Test di sistema per i requisiti funzionali}{subsection.4.1}% 27
\BOOKMARK [3][-]{subsubsection.4.1.2}{Test di sistema per i requisiti di qualit\340}{subsection.4.1}% 28
\BOOKMARK [3][-]{subsubsection.4.1.3}{Test di sistema per i requisiti di vincolo}{subsection.4.1}% 29
\BOOKMARK [2][-]{subsection.4.2}{Test di accettazione}{section.4}% 30
\BOOKMARK [3][-]{subsubsection.4.2.1}{Test di accettazione per i requisiti funzionali}{subsection.4.2}% 31
\BOOKMARK [3][-]{subsubsection.4.2.2}{Test di accettazione per i requisiti di qualit\340}{subsection.4.2}% 32
\BOOKMARK [3][-]{subsubsection.4.2.3}{Test di accettazione per i requisiti di vincolo}{subsection.4.2}% 33
\BOOKMARK [1][-]{section.5}{Resoconti di verifica ed esiti delle revisioni}{}% 34
\BOOKMARK [2][-]{subsection.5.1}{Valori dell'indice di Gulpease}{section.5}% 35
\BOOKMARK [2][-]{subsection.5.2}{Errori ortografici}{section.5}% 36
\BOOKMARK [2][-]{subsection.5.3}{Metriche di pianificazione}{section.5}% 37
\BOOKMARK [3][-]{subsubsection.5.3.1}{Earned value - EV}{subsection.5.3}% 38
\BOOKMARK [3][-]{subsubsection.5.3.2}{Planned value - PV}{subsection.5.3}% 39
\BOOKMARK [3][-]{subsubsection.5.3.3}{Actual cost - AC}{subsection.5.3}% 40
\BOOKMARK [3][-]{subsubsection.5.3.4}{Schedule variance - SV}{subsection.5.3}% 41
\BOOKMARK [3][-]{subsubsection.5.3.5}{Cost variance - CV}{subsection.5.3}% 42
\BOOKMARK [2][-]{subsection.5.4}{Conclusioni}{section.5}% 43
\BOOKMARK [3][-]{subsubsection.5.4.1}{Analisi}{subsection.5.4}% 44
\BOOKMARK [3][-]{subsubsection.5.4.2}{Consolidamento dei requisiti}{subsection.5.4}% 45
\BOOKMARK [3][-]{subsubsection.5.4.3}{Programmazione architetturale}{subsection.5.4}% 46
