\BOOKMARK [1][-]{section.1}{Introduzione}{}% 1
\BOOKMARK [2][-]{subsection.1.1}{Scopo del documento}{section.1}% 2
\BOOKMARK [2][-]{subsection.1.2}{Scopo del progetto}{section.1}% 3
\BOOKMARK [2][-]{subsection.1.3}{Glossario}{section.1}% 4
\BOOKMARK [1][-]{section.2}{Processi Primari}{}% 5
\BOOKMARK [2][-]{subsection.2.1}{Fornitura}{section.2}% 6
\BOOKMARK [2][-]{subsection.2.2}{Sviluppo}{section.2}% 7
\BOOKMARK [3][-]{subsubsection.2.2.1}{Scopo}{subsection.2.2}% 8
\BOOKMARK [3][-]{subsubsection.2.2.2}{Aspettative}{subsection.2.2}% 9
\BOOKMARK [3][-]{subsubsection.2.2.3}{Descrizione}{subsection.2.2}% 10
\BOOKMARK [3][-]{subsubsection.2.2.4}{Attivit\340}{subsection.2.2}% 11
\BOOKMARK [3][-]{subsubsection.2.2.5}{Strumenti}{subsection.2.2}% 12
\BOOKMARK [1][-]{section.3}{Processi di Supporto}{}% 13
\BOOKMARK [2][-]{subsection.3.1}{Documentazione}{section.3}% 14
\BOOKMARK [3][-]{subsubsection.3.1.1}{Scopo}{subsection.3.1}% 15
\BOOKMARK [3][-]{subsubsection.3.1.2}{Ciclo di vita del Documento}{subsection.3.1}% 16
\BOOKMARK [3][-]{subsubsection.3.1.3}{Template LaTex e automazione}{subsection.3.1}% 17
\BOOKMARK [3][-]{subsubsection.3.1.4}{Pagine}{subsection.3.1}% 18
\BOOKMARK [3][-]{subsubsection.3.1.5}{Norme di stile}{subsection.3.1}% 19
\BOOKMARK [3][-]{subsubsection.3.1.6}{Elementi grafici}{subsection.3.1}% 20
\BOOKMARK [3][-]{subsubsection.3.1.7}{Strumenti per la stesura}{subsection.3.1}% 21
\BOOKMARK [2][-]{subsection.3.2}{Verifica}{section.3}% 22
\BOOKMARK [2][-]{subsection.3.3}{Validazione}{section.3}% 23
\BOOKMARK [2][-]{subsection.3.4}{Strumenti}{section.3}% 24
\BOOKMARK [1][-]{section.4}{Processi Organizzativi}{}% 25
\BOOKMARK [2][-]{subsection.4.1}{Gestione Organizzativa}{section.4}% 26
\BOOKMARK [3][-]{subsubsection.4.1.1}{Scopo}{subsection.4.1}% 27
\BOOKMARK [3][-]{subsubsection.4.1.2}{Aspettative}{subsection.4.1}% 28
\BOOKMARK [3][-]{subsubsection.4.1.3}{Descrizione}{subsection.4.1}% 29
\BOOKMARK [3][-]{subsubsection.4.1.4}{Ruoli di progetto}{subsection.4.1}% 30
\BOOKMARK [3][-]{subsubsection.4.1.5}{Procedure}{subsection.4.1}% 31
\BOOKMARK [3][-]{subsubsection.4.1.6}{Strumenti}{subsection.4.1}% 32
